[2020-04-28 14:25:40][debug][error] : [controller pool empty for App\HttpController\Channel\Paytype\Wechat at file:/Users/qvbilam/Sites/office/fried/pay/vendor/easyswoole/http/src/Dispatcher.php line:194]
[2020-04-28 14:26:28][debug][error] : [controller pool empty for App\HttpController\Channel\Paytype\Wechat at file:/Users/qvbilam/Sites/office/fried/pay/vendor/easyswoole/http/src/Dispatcher.php line:194]
[2020-04-28 14:26:29][debug][error] : [controller pool empty for App\HttpController\Channel\Paytype\Wechat at file:/Users/qvbilam/Sites/office/fried/pay/vendor/easyswoole/http/src/Dispatcher.php line:194]
[2020-04-28 14:26:35][debug][error] : [controller pool empty for App\HttpController\Channel\Paytype\Wechat at file:/Users/qvbilam/Sites/office/fried/pay/vendor/easyswoole/http/src/Dispatcher.php line:194]
[2020-04-28 14:28:07][debug][error] : [controller pool empty for App\HttpController\Channel\Paytype\Wechat at file:/Users/qvbilam/Sites/office/fried/pay/vendor/easyswoole/http/src/Dispatcher.php line:194]
[2020-04-28 14:31:07][debug][error] : [Argument 1 passed to EasySwoole\Http\Response::write() must be of the type string, object given, called in /Users/qvbilam/Sites/office/fried/pay/App/HttpController/Index.php on line 36 at file:/Users/qvbilam/Sites/office/fried/pay/vendor/easyswoole/http/src/Response.php line:76]
[2020-05-06 16:34:58][debug][error] : [Class 'App\HttpController\Api\Status' not found at file:/Users/qvbilam/Sites/office/fried/pay/App/HttpController/Api/ApiBase.php line:79]
[2020-05-09 16:30:52][debug][notice] : [Array to string conversion at file:/Users/qvbilam/Sites/office/fried/pay/App/HttpController/Api/Pay.php line:19]
[2020-05-09 16:30:52][debug][notice] : [Undefined property: App\Common\Channel\Self\Wechat::$Array at file:/Users/qvbilam/Sites/office/fried/pay/App/HttpController/Api/Pay.php line:19]
[2020-05-09 16:46:26][debug][notice] : [Undefined index: code at file:/Users/qvbilam/Sites/office/fried/pay/App/HttpController/Api/Pay.php line:29]
[2020-05-09 16:47:47][debug][notice] : [Undefined index: code at file:/Users/qvbilam/Sites/office/fried/pay/App/HttpController/Api/Pay.php line:28]
[2020-05-09 18:43:52][debug][warning] : [Yaconf::get() expects at least 1 parameter, 0 given at file:/Users/qvbilam/Sites/office/fried/pay/App/HttpController/Router.php line:15]
[2020-05-09 18:46:14][debug][warning] : [Yaconf::get() expects at least 1 parameter, 0 given at file:/Users/qvbilam/Sites/office/fried/pay/App/HttpController/Router.php line:15]
[2020-05-09 18:46:35][debug][notice] : [Undefined index:  at file:/Users/qvbilam/Sites/office/fried/pay/App/Common/Bussiness/Pay.php line:25]
[2020-05-09 18:46:35][debug][notice] : [Undefined index: body at file:/Users/qvbilam/Sites/office/fried/pay/App/Common/Bussiness/Pay.php line:27]
[2020-05-09 18:46:35][debug][notice] : [Undefined index: attach at file:/Users/qvbilam/Sites/office/fried/pay/App/Common/Bussiness/Pay.php line:28]
[2020-05-09 18:47:59][debug][warning] : [Yaconf::get() expects at least 1 parameter, 0 given at file:/Users/qvbilam/Sites/office/fried/pay/App/HttpController/Router.php line:15]
[2020-05-09 18:47:59][debug][notice] : [Undefined index:  at file:/Users/qvbilam/Sites/office/fried/pay/App/Common/Bussiness/Pay.php line:25]
[2020-05-09 18:47:59][debug][notice] : [Undefined index: body at file:/Users/qvbilam/Sites/office/fried/pay/App/Common/Bussiness/Pay.php line:27]
[2020-05-09 18:47:59][debug][notice] : [Undefined index: attach at file:/Users/qvbilam/Sites/office/fried/pay/App/Common/Bussiness/Pay.php line:28]
[2020-05-09 19:05:17][debug][warning] : [Yaconf::get() expects at least 1 parameter, 0 given at file:/Users/qvbilam/Sites/office/fried/pay/App/HttpController/Router.php line:15]
[2020-05-09 19:09:58][debug][notice] : [Undefined index:  at file:/Users/qvbilam/Sites/office/fried/pay/App/Common/Bussiness/Pay.php line:25]
[2020-05-09 19:09:58][debug][notice] : [Undefined index: body at file:/Users/qvbilam/Sites/office/fried/pay/App/Common/Bussiness/Pay.php line:27]
[2020-05-09 19:09:58][debug][notice] : [Undefined index: attach at file:/Users/qvbilam/Sites/office/fried/pay/App/Common/Bussiness/Pay.php line:28]
[2020-05-09 19:10:40][debug][notice] : [Undefined index: body at file:/Users/qvbilam/Sites/office/fried/pay/App/Common/Bussiness/Pay.php line:27]
[2020-05-09 19:10:40][debug][notice] : [Undefined index: attach at file:/Users/qvbilam/Sites/office/fried/pay/App/Common/Bussiness/Pay.php line:28]
[2020-05-09 21:39:30][debug][warning] : [preg_match(): Compilation failed: numbers out of order in {} quantifier at offset 28 at file:/Users/qvbilam/Sites/office/fried/pay/vendor/easyswoole/validate/src/Validate.php line:664]
[2020-05-09 21:39:38][debug][warning] : [preg_match(): Compilation failed: numbers out of order in {} quantifier at offset 28 at file:/Users/qvbilam/Sites/office/fried/pay/vendor/easyswoole/validate/src/Validate.php line:664]
[2020-05-09 21:39:44][debug][warning] : [preg_match(): Compilation failed: numbers out of order in {} quantifier at offset 28 at file:/Users/qvbilam/Sites/office/fried/pay/vendor/easyswoole/validate/src/Validate.php line:664]
[2020-05-09 21:49:21][debug][notice] : [A non well formed numeric value encountered at file:/Users/qvbilam/Sites/office/fried/pay/App/HttpController/Api/Validate/Pay.php line:44]
[2020-05-09 23:22:33][debug][notice] : [Undefined index: merchant_id at file:/Users/qvbilam/Sites/office/fried/pay/App/Common/Bussiness/Pay.php line:19]
[2020-05-09 23:22:33][debug][notice] : [Undefined index: app_id at file:/Users/qvbilam/Sites/office/fried/pay/App/Common/Bussiness/Pay.php line:20]
[2020-05-09 23:22:33][debug][notice] : [Undefined index: pay_type at file:/Users/qvbilam/Sites/office/fried/pay/App/Common/Bussiness/Pay.php line:21]
[2020-05-09 23:22:33][debug][notice] : [Undefined index: money at file:/Users/qvbilam/Sites/office/fried/pay/App/Common/Bussiness/Pay.php line:22]
[2020-05-09 23:22:33][debug][notice] : [Undefined index: out_trade_no at file:/Users/qvbilam/Sites/office/fried/pay/App/Common/Bussiness/Pay.php line:23]
[2020-05-09 23:22:33][debug][notice] : [Undefined index: body at file:/Users/qvbilam/Sites/office/fried/pay/App/Common/Bussiness/Pay.php line:25]
[2020-05-09 23:22:33][debug][notice] : [Undefined index: time at file:/Users/qvbilam/Sites/office/fried/pay/App/HttpController/Api/Validate/Pay.php line:43]
[2020-05-09 23:22:54][debug][notice] : [Undefined index: merchant_id at file:/Users/qvbilam/Sites/office/fried/pay/App/Common/Bussiness/Pay.php line:19]
[2020-05-09 23:22:54][debug][notice] : [Undefined index: app_id at file:/Users/qvbilam/Sites/office/fried/pay/App/Common/Bussiness/Pay.php line:20]
[2020-05-09 23:22:54][debug][notice] : [Undefined index: pay_type at file:/Users/qvbilam/Sites/office/fried/pay/App/Common/Bussiness/Pay.php line:21]
[2020-05-09 23:22:54][debug][notice] : [Undefined index: money at file:/Users/qvbilam/Sites/office/fried/pay/App/Common/Bussiness/Pay.php line:22]
[2020-05-09 23:22:54][debug][notice] : [Undefined index: out_trade_no at file:/Users/qvbilam/Sites/office/fried/pay/App/Common/Bussiness/Pay.php line:23]
[2020-05-09 23:22:54][debug][notice] : [Undefined index: body at file:/Users/qvbilam/Sites/office/fried/pay/App/Common/Bussiness/Pay.php line:25]
[2020-05-09 23:22:54][debug][notice] : [Undefined index: time at file:/Users/qvbilam/Sites/office/fried/pay/App/HttpController/Api/Validate/Pay.php line:43]
[2020-05-09 23:26:02][debug][notice] : [Undefined index: merchant_id at file:/Users/qvbilam/Sites/office/fried/pay/App/Common/Bussiness/Pay.php line:19]
[2020-05-09 23:26:02][debug][notice] : [Undefined index: app_id at file:/Users/qvbilam/Sites/office/fried/pay/App/Common/Bussiness/Pay.php line:20]
[2020-05-09 23:26:02][debug][notice] : [Undefined index: pay_type at file:/Users/qvbilam/Sites/office/fried/pay/App/Common/Bussiness/Pay.php line:21]
[2020-05-09 23:26:02][debug][notice] : [Undefined index: money at file:/Users/qvbilam/Sites/office/fried/pay/App/Common/Bussiness/Pay.php line:22]
[2020-05-09 23:26:02][debug][notice] : [Undefined index: out_trade_no at file:/Users/qvbilam/Sites/office/fried/pay/App/Common/Bussiness/Pay.php line:23]
[2020-05-09 23:26:02][debug][notice] : [Undefined index: body at file:/Users/qvbilam/Sites/office/fried/pay/App/Common/Bussiness/Pay.php line:25]
[2020-05-09 23:26:02][debug][notice] : [Undefined index: time at file:/Users/qvbilam/Sites/office/fried/pay/App/HttpController/Api/Validate/Pay.php line:43]
[2020-05-09 23:31:31][debug][notice] : [Undefined index: merchant_id at file:/Users/qvbilam/Sites/office/fried/pay/App/Common/Bussiness/Pay.php line:19]
[2020-05-09 23:31:31][debug][notice] : [Undefined index: app_id at file:/Users/qvbilam/Sites/office/fried/pay/App/Common/Bussiness/Pay.php line:20]
[2020-05-09 23:31:31][debug][notice] : [Undefined index: pay_type at file:/Users/qvbilam/Sites/office/fried/pay/App/Common/Bussiness/Pay.php line:21]
[2020-05-09 23:31:31][debug][notice] : [Undefined index: money at file:/Users/qvbilam/Sites/office/fried/pay/App/Common/Bussiness/Pay.php line:22]
[2020-05-09 23:31:31][debug][notice] : [Undefined index: out_trade_no at file:/Users/qvbilam/Sites/office/fried/pay/App/Common/Bussiness/Pay.php line:23]
[2020-05-09 23:31:31][debug][notice] : [Undefined index: body at file:/Users/qvbilam/Sites/office/fried/pay/App/Common/Bussiness/Pay.php line:25]
[2020-05-09 23:31:31][debug][notice] : [Undefined index: time at file:/Users/qvbilam/Sites/office/fried/pay/App/HttpController/Api/Validate/Pay.php line:43]
[2020-05-09 23:46:13][debug][warning] : [json_decode() expects parameter 1 to be string, array given at file:/Users/qvbilam/Sites/office/fried/pay/App/HttpController/Api/Pay.php line:16]
[2020-05-09 23:46:43][debug][warning] : [json_decode() expects parameter 1 to be string, array given at file:/Users/qvbilam/Sites/office/fried/pay/App/HttpController/Api/Pay.php line:17]
[2020-05-09 23:47:06][debug][notice] : [Undefined index: out_trade_no at file:/Users/qvbilam/Sites/office/fried/pay/App/Common/Bussiness/Pay.php line:23]
[2020-05-09 23:47:06][debug][notice] : [Undefined index: body at file:/Users/qvbilam/Sites/office/fried/pay/App/Common/Bussiness/Pay.php line:25]
[2020-05-09 23:47:21][debug][notice] : [Undefined index: out_trade_no at file:/Users/qvbilam/Sites/office/fried/pay/App/Common/Bussiness/Pay.php line:23]
[2020-05-09 23:47:21][debug][notice] : [Undefined index: body at file:/Users/qvbilam/Sites/office/fried/pay/App/Common/Bussiness/Pay.php line:25]
[2020-05-09 23:47:39][debug][notice] : [Undefined index: out_trade_no at file:/Users/qvbilam/Sites/office/fried/pay/App/Common/Bussiness/Pay.php line:23]
[2020-05-09 23:47:47][debug][notice] : [Undefined index: out_trade_no at file:/Users/qvbilam/Sites/office/fried/pay/App/Common/Bussiness/Pay.php line:23]
[2020-05-09 23:48:07][debug][notice] : [Undefined index: attach at file:/Users/qvbilam/Sites/office/fried/pay/App/Common/Bussiness/Pay.php line:35]
[2020-05-09 23:55:09][debug][notice] : [Undefined index: attach at file:/Users/qvbilam/Sites/office/fried/pay/App/Common/Bussiness/Pay.php line:35]
[2020-05-09 23:56:41][debug][notice] : [Undefined index: attach at file:/Users/qvbilam/Sites/office/fried/pay/App/Common/Bussiness/Pay.php line:35]
[2020-05-09 23:57:08][debug][notice] : [Undefined index: attach at file:/Users/qvbilam/Sites/office/fried/pay/App/Common/Bussiness/Pay.php line:35]
[2020-05-10 00:10:07][debug][notice] : [Undefined index: attach at file:/Users/qvbilam/Sites/office/fried/pay/App/Common/Bussiness/Pay.php line:35]
[2020-05-10 00:11:12][debug][notice] : [Undefined index: attach at file:/Users/qvbilam/Sites/office/fried/pay/App/Common/Bussiness/Pay.php line:35]
[2020-05-10 00:13:35][debug][notice] : [Undefined index: attach at file:/Users/qvbilam/Sites/office/fried/pay/App/Common/Bussiness/Pay.php line:35]
[2020-05-10 00:18:43][debug][notice] : [Undefined index: attach at file:/Users/qvbilam/Sites/office/fried/pay/App/Common/Bussiness/Pay.php line:35]
[2020-05-10 00:19:51][debug][notice] : [Undefined index: attach at file:/Users/qvbilam/Sites/office/fried/pay/App/Common/Bussiness/Pay.php line:35]
[2020-05-10 00:20:25][debug][notice] : [Undefined index: attach at file:/Users/qvbilam/Sites/office/fried/pay/App/Common/Bussiness/Pay.php line:35]
[2020-05-10 00:20:32][debug][notice] : [Undefined index: attach at file:/Users/qvbilam/Sites/office/fried/pay/App/Common/Bussiness/Pay.php line:35]
[2020-05-10 00:32:03][debug][notice] : [Undefined index: attach at file:/Users/qvbilam/Sites/office/fried/pay/App/Common/Bussiness/Pay.php line:35]
[2020-05-10 00:34:36][debug][notice] : [Undefined index: attach at file:/Users/qvbilam/Sites/office/fried/pay/App/Common/Bussiness/Pay.php line:35]
[2020-05-10 00:35:01][debug][notice] : [Undefined index: attach at file:/Users/qvbilam/Sites/office/fried/pay/App/Common/Bussiness/Pay.php line:35]
[2020-05-10 00:36:26][debug][notice] : [Undefined index: attach at file:/Users/qvbilam/Sites/office/fried/pay/App/Common/Bussiness/Pay.php line:35]
[2020-05-10 00:39:06][debug][notice] : [Undefined index: attach at file:/Users/qvbilam/Sites/office/fried/pay/App/Common/Bussiness/Pay.php line:35]
[2020-05-10 00:43:20][debug][notice] : [Undefined index: attach at file:/Users/qvbilam/Sites/office/fried/pay/App/Common/Bussiness/Pay.php line:35]
[2020-05-10 00:45:09][debug][notice] : [Undefined index: attach at file:/Users/qvbilam/Sites/office/fried/pay/App/Common/Bussiness/Pay.php line:35]
[2020-05-10 00:45:36][debug][notice] : [Undefined index: attach at file:/Users/qvbilam/Sites/office/fried/pay/App/Common/Bussiness/Pay.php line:35]
[2020-05-10 00:47:57][debug][notice] : [Undefined index: attach at file:/Users/qvbilam/Sites/office/fried/pay/App/Common/Bussiness/Pay.php line:35]
[2020-05-10 01:03:50][debug][notice] : [Undefined index: attach at file:/Users/qvbilam/Sites/office/fried/pay/App/Common/Bussiness/Pay.php line:35]
[2020-05-10 01:05:30][debug][notice] : [Undefined index: attach at file:/Users/qvbilam/Sites/office/fried/pay/App/Common/Bussiness/Pay.php line:35]
[2020-05-10 01:06:30][debug][notice] : [Undefined index: attach at file:/Users/qvbilam/Sites/office/fried/pay/App/Common/Bussiness/Pay.php line:35]
[2020-05-10 01:07:24][debug][notice] : [Undefined index: attach at file:/Users/qvbilam/Sites/office/fried/pay/App/Common/Bussiness/Pay.php line:35]
[2020-05-10 01:09:07][debug][notice] : [Undefined index: attach at file:/Users/qvbilam/Sites/office/fried/pay/App/Common/Bussiness/Pay.php line:35]
